<?xml version="1.0" encoding="UTF-8"?>
<testsuite name="BullsCowsTest" tests="1" skipped="0" failures="0" errors="0" timestamp="2020-11-11T17:44:38" hostname="DESKTOP-BJFAHBU" time="1.731">
  <properties/>
  <testcase name="start" classname="BullsCowsTest" time="1.731"/>
  <system-out><![CDATA[?[1;31m
Start test 1?[0m
Please, enter the secret code's length:
> 1
Okay, let's start a game!
Turn 1:
> 0
Grade: None.
Turn 2:
> 1
Grade: None.
Turn 3:
> 2
Grade: None.
Turn 4:
> 3
Grade: 1 bulls
Congratulations! You guessed the secret code.
?[1;31m
Start test 2?[0m
Please, enter the secret code's length:
> 4
Okay, let's start a game!
Turn 1:
> 0000
Grade: None.
Turn 2:
> 1111
Grade: None.
Turn 3:
> 2222
Grade: None.
Turn 4:
> 3333
Grade: 1 bull(s) and 3 cow(s).
Turn 5:
> 4444
Grade: 1 bull(s) and 3 cow(s).
Turn 6:
> 5555
Grade: None.
Turn 7:
> 6666
Grade: 1 bull(s) and 3 cow(s).
Turn 8:
> 7777
Grade: None.
Turn 9:
> 8888
Grade: 1 bull(s) and 3 cow(s).
Turn 10:
> 3468
Grade: 4 bulls
Congratulations! You guessed the secret code.
?[1;31m
Start test 3?[0m
Please, enter the secret code's length:
> 6
Okay, let's start a game!
Turn 1:
> 000000
Grade: None.
Turn 2:
> 111111
Grade: 1 bull(s) and 5 cow(s).
Turn 3:
> 222222
Grade: 1 bull(s) and 5 cow(s).
Turn 4:
> 333333
Grade: 1 bull(s) and 5 cow(s).
Turn 5:
> 444444
Grade: 1 bull(s) and 5 cow(s).
Turn 6:
> 555555
Grade: 1 bull(s) and 5 cow(s).
Turn 7:
> 666666
Grade: 1 bull(s) and 5 cow(s).
Turn 8:
> 123456
Grade: 1 bull(s) and 5 cow(s).
Turn 9:
> 213456
Grade: 1 bull(s) and 5 cow(s).
Turn 10:
> 312456
Grade: 2 bull(s) and 4 cow(s).
Turn 11:
> 132456
Grade: 1 bull(s) and 5 cow(s).
Turn 12:
> 231456
Grade: 1 bull(s) and 5 cow(s).
Turn 13:
> 321456
Grade: 2 bull(s) and 4 cow(s).
Turn 14:
> 421356
Grade: 6 cow(s).
Turn 15:
> 241356
Grade: 6 cow(s).
Turn 16:
> 142356
Grade: 6 cow(s).
Turn 17:
> 412356
Grade: 6 cow(s).
Turn 18:
> 214356
Grade: 6 cow(s).
Turn 19:
> 124356
Grade: 6 cow(s).
Turn 20:
> 134256
Grade: 6 cow(s).
Turn 21:
> 314256
Grade: 1 bull(s) and 5 cow(s).
Turn 22:
> 413256
Grade: 6 cow(s).
Turn 23:
> 143256
Grade: 6 cow(s).
Turn 24:
> 341256
Grade: 1 bull(s) and 5 cow(s).
Turn 25:
> 431256
Grade: 6 cow(s).
Turn 26:
> 432156
Grade: 6 cow(s).
Turn 27:
> 342156
Grade: 1 bull(s) and 5 cow(s).
Turn 28:
> 243156
Grade: 6 cow(s).
Turn 29:
> 423156
Grade: 6 cow(s).
Turn 30:
> 324156
Grade: 1 bull(s) and 5 cow(s).
Turn 31:
> 234156
Grade: 6 cow(s).
Turn 32:
> 534126
Grade: 6 cow(s).
Turn 33:
> 354126
Grade: 1 bull(s) and 5 cow(s).
Turn 34:
> 453126
Grade: 6 cow(s).
Turn 35:
> 543126
Grade: 6 cow(s).
Turn 36:
> 345126
Grade: 2 bull(s) and 4 cow(s).
Turn 37:
> 435126
Grade: 1 bull(s) and 5 cow(s).
Turn 38:
> 135426
Grade: 2 bull(s) and 4 cow(s).
Turn 39:
> 315426
Grade: 3 bull(s) and 3 cow(s).
Turn 40:
> 513426
Grade: 1 bull(s) and 5 cow(s).
Turn 41:
> 153426
Grade: 1 bull(s) and 5 cow(s).
Turn 42:
> 351426
Grade: 2 bull(s) and 4 cow(s).
Turn 43:
> 531426
Grade: 1 bull(s) and 5 cow(s).
Turn 44:
> 541326
Grade: 6 cow(s).
Turn 45:
> 451326
Grade: 6 cow(s).
Turn 46:
> 154326
Grade: 6 cow(s).
Turn 47:
> 514326
Grade: 6 cow(s).
Turn 48:
> 415326
Grade: 1 bull(s) and 5 cow(s).
Turn 49:
> 145326
Grade: 1 bull(s) and 5 cow(s).
Turn 50:
> 143526
Grade: 6 cow(s).
Turn 51:
> 413526
Grade: 6 cow(s).
Turn 52:
> 314526
Grade: 1 bull(s) and 5 cow(s).
Turn 53:
> 134526
Grade: 6 cow(s).
Turn 54:
> 431526
Grade: 6 cow(s).
Turn 55:
> 341526
Grade: 1 bull(s) and 5 cow(s).
Turn 56:
> 241536
Grade: 6 cow(s).
Turn 57:
> 421536
Grade: 6 cow(s).
Turn 58:
> 124536
Grade: 6 cow(s).
Turn 59:
> 214536
Grade: 6 cow(s).
Turn 60:
> 412536
Grade: 6 cow(s).
Turn 61:
> 142536
Grade: 6 cow(s).
Turn 62:
> 542136
Grade: 6 cow(s).
Turn 63:
> 452136
Grade: 6 cow(s).
Turn 64:
> 254136
Grade: 6 cow(s).
Turn 65:
> 524136
Grade: 6 cow(s).
Turn 66:
> 425136
Grade: 1 bull(s) and 5 cow(s).
Turn 67:
> 245136
Grade: 1 bull(s) and 5 cow(s).
Turn 68:
> 215436
Grade: 2 bull(s) and 4 cow(s).
Turn 69:
> 125436
Grade: 2 bull(s) and 4 cow(s).
Turn 70:
> 521436
Grade: 1 bull(s) and 5 cow(s).
Turn 71:
> 251436
Grade: 1 bull(s) and 5 cow(s).
Turn 72:
> 152436
Grade: 1 bull(s) and 5 cow(s).
Turn 73:
> 512436
Grade: 1 bull(s) and 5 cow(s).
Turn 74:
> 514236
Grade: 6 cow(s).
Turn 75:
> 154236
Grade: 6 cow(s).
Turn 76:
> 451236
Grade: 6 cow(s).
Turn 77:
> 541236
Grade: 6 cow(s).
Turn 78:
> 145236
Grade: 1 bull(s) and 5 cow(s).
Turn 79:
> 415236
Grade: 1 bull(s) and 5 cow(s).
Turn 80:
> 315246
Grade: 2 bull(s) and 4 cow(s).
Turn 81:
> 135246
Grade: 1 bull(s) and 5 cow(s).
Turn 82:
> 531246
Grade: 6 cow(s).
Turn 83:
> 351246
Grade: 1 bull(s) and 5 cow(s).
Turn 84:
> 153246
Grade: 6 cow(s).
Turn 85:
> 513246
Grade: 6 cow(s).
Turn 86:
> 213546
Grade: 6 cow(s).
Turn 87:
> 123546
Grade: 6 cow(s).
Turn 88:
> 321546
Grade: 1 bull(s) and 5 cow(s).
Turn 89:
> 231546
Grade: 6 cow(s).
Turn 90:
> 132546
Grade: 6 cow(s).
Turn 91:
> 312546
Grade: 1 bull(s) and 5 cow(s).
Turn 92:
> 352146
Grade: 1 bull(s) and 5 cow(s).
Turn 93:
> 532146
Grade: 6 cow(s).
Turn 94:
> 235146
Grade: 1 bull(s) and 5 cow(s).
Turn 95:
> 325146
Grade: 2 bull(s) and 4 cow(s).
Turn 96:
> 523146
Grade: 6 cow(s).
Turn 97:
> 253146
Grade: 6 cow(s).
Turn 98:
> 251346
Grade: 6 cow(s).
Turn 99:
> 521346
Grade: 6 cow(s).
Turn 100:
> 125346
Grade: 1 bull(s) and 5 cow(s).
Turn 101:
> 215346
Grade: 1 bull(s) and 5 cow(s).
Turn 102:
> 512346
Grade: 6 cow(s).
Turn 103:
> 152346
Grade: 6 cow(s).
Turn 104:
> 452316
Grade: 1 bull(s) and 5 cow(s).
Turn 105:
> 542316
Grade: 1 bull(s) and 5 cow(s).
Turn 106:
> 245316
Grade: 2 bull(s) and 4 cow(s).
Turn 107:
> 425316
Grade: 2 bull(s) and 4 cow(s).
Turn 108:
> 524316
Grade: 1 bull(s) and 5 cow(s).
Turn 109:
> 254316
Grade: 1 bull(s) and 5 cow(s).
Turn 110:
> 354216
Grade: 2 bull(s) and 4 cow(s).
Turn 111:
> 534216
Grade: 1 bull(s) and 5 cow(s).
Turn 112:
> 435216
Grade: 2 bull(s) and 4 cow(s).
Turn 113:
> 345216
Grade: 3 bull(s) and 3 cow(s).
Turn 114:
> 543216
Grade: 1 bull(s) and 5 cow(s).
Turn 115:
> 453216
Grade: 1 bull(s) and 5 cow(s).
Turn 116:
> 423516
Grade: 1 bull(s) and 5 cow(s).
Turn 117:
> 243516
Grade: 1 bull(s) and 5 cow(s).
Turn 118:
> 342516
Grade: 2 bull(s) and 4 cow(s).
Turn 119:
> 432516
Grade: 1 bull(s) and 5 cow(s).
Turn 120:
> 234516
Grade: 1 bull(s) and 5 cow(s).
Turn 121:
> 324516
Grade: 2 bull(s) and 4 cow(s).
Turn 122:
> 325416
Grade: 4 bull(s) and 2 cow(s).
Turn 123:
> 235416
Grade: 3 bull(s) and 3 cow(s).
Turn 124:
> 532416
Grade: 2 bull(s) and 4 cow(s).
Turn 125:
> 352416
Grade: 3 bull(s) and 3 cow(s).
Turn 126:
> 253416
Grade: 2 bull(s) and 4 cow(s).
Turn 127:
> 523416
Grade: 2 bull(s) and 4 cow(s).
Turn 128:
> 623415
Grade: 2 bull(s) and 4 cow(s).
Turn 129:
> 263415
Grade: 3 bull(s) and 3 cow(s).
Turn 130:
> 362415
Grade: 4 bull(s) and 2 cow(s).
Turn 131:
> 632415
Grade: 2 bull(s) and 4 cow(s).
Turn 132:
> 236415
Grade: 2 bull(s) and 4 cow(s).
Turn 133:
> 326415
Grade: 3 bull(s) and 3 cow(s).
Turn 134:
> 426315
Grade: 1 bull(s) and 5 cow(s).
Turn 135:
> 246315
Grade: 1 bull(s) and 5 cow(s).
Turn 136:
> 642315
Grade: 1 bull(s) and 5 cow(s).
Turn 137:
> 462315
Grade: 2 bull(s) and 4 cow(s).
Turn 138:
> 264315
Grade: 2 bull(s) and 4 cow(s).
Turn 139:
> 624315
Grade: 1 bull(s) and 5 cow(s).
Turn 140:
> 634215
Grade: 1 bull(s) and 5 cow(s).
Turn 141:
> 364215
Grade: 3 bull(s) and 3 cow(s).
Turn 142:
> 463215
Grade: 2 bull(s) and 4 cow(s).
Turn 143:
> 643215
Grade: 1 bull(s) and 5 cow(s).
Turn 144:
> 346215
Grade: 2 bull(s) and 4 cow(s).
Turn 145:
> 436215
Grade: 1 bull(s) and 5 cow(s).
Turn 146:
> 432615
Grade: 1 bull(s) and 5 cow(s).
Turn 147:
> 342615
Grade: 2 bull(s) and 4 cow(s).
Turn 148:
> 243615
Grade: 1 bull(s) and 5 cow(s).
Turn 149:
> 423615
Grade: 1 bull(s) and 5 cow(s).
Turn 150:
> 324615
Grade: 2 bull(s) and 4 cow(s).
Turn 151:
> 234615
Grade: 1 bull(s) and 5 cow(s).
Turn 152:
> 134625
Grade: 6 cow(s).
Turn 153:
> 314625
Grade: 1 bull(s) and 5 cow(s).
Turn 154:
> 413625
Grade: 6 cow(s).
Turn 155:
> 143625
Grade: 6 cow(s).
Turn 156:
> 341625
Grade: 1 bull(s) and 5 cow(s).
Turn 157:
> 431625
Grade: 6 cow(s).
Turn 158:
> 631425
Grade: 1 bull(s) and 5 cow(s).
Turn 159:
> 361425
Grade: 3 bull(s) and 3 cow(s).
Turn 160:
> 163425
Grade: 2 bull(s) and 4 cow(s).
Turn 161:
> 613425
Grade: 1 bull(s) and 5 cow(s).
Turn 162:
> 316425
Grade: 2 bull(s) and 4 cow(s).
Turn 163:
> 136425
Grade: 1 bull(s) and 5 cow(s).
Turn 164:
> 146325
Grade: 6 cow(s).
Turn 165:
> 416325
Grade: 6 cow(s).
Turn 166:
> 614325
Grade: 6 cow(s).
Turn 167:
> 164325
Grade: 1 bull(s) and 5 cow(s).
Turn 168:
> 461325
Grade: 1 bull(s) and 5 cow(s).
Turn 169:
> 641325
Grade: 6 cow(s).
Turn 170:
> 643125
Grade: 6 cow(s).
Turn 171:
> 463125
Grade: 1 bull(s) and 5 cow(s).
Turn 172:
> 364125
Grade: 2 bull(s) and 4 cow(s).
Turn 173:
> 634125
Grade: 6 cow(s).
Turn 174:
> 436125
Grade: 6 cow(s).
Turn 175:
> 346125
Grade: 1 bull(s) and 5 cow(s).
Turn 176:
> 246135
Grade: 6 cow(s).
Turn 177:
> 426135
Grade: 6 cow(s).
Turn 178:
> 624135
Grade: 6 cow(s).
Turn 179:
> 264135
Grade: 1 bull(s) and 5 cow(s).
Turn 180:
> 462135
Grade: 1 bull(s) and 5 cow(s).
Turn 181:
> 642135
Grade: 6 cow(s).
Turn 182:
> 142635
Grade: 6 cow(s).
Turn 183:
> 412635
Grade: 6 cow(s).
Turn 184:
> 214635
Grade: 6 cow(s).
Turn 185:
> 124635
Grade: 6 cow(s).
Turn 186:
> 421635
Grade: 6 cow(s).
Turn 187:
> 241635
Grade: 6 cow(s).
Turn 188:
> 261435
Grade: 2 bull(s) and 4 cow(s).
Turn 189:
> 621435
Grade: 1 bull(s) and 5 cow(s).
Turn 190:
> 126435
Grade: 1 bull(s) and 5 cow(s).
Turn 191:
> 216435
Grade: 1 bull(s) and 5 cow(s).
Turn 192:
> 612435
Grade: 1 bull(s) and 5 cow(s).
Turn 193:
> 162435
Grade: 2 bull(s) and 4 cow(s).
Turn 194:
> 164235
Grade: 1 bull(s) and 5 cow(s).
Turn 195:
> 614235
Grade: 6 cow(s).
Turn 196:
> 416235
Grade: 6 cow(s).
Turn 197:
> 146235
Grade: 6 cow(s).
Turn 198:
> 641235
Grade: 6 cow(s).
Turn 199:
> 461235
Grade: 1 bull(s) and 5 cow(s).
Turn 200:
> 361245
Grade: 2 bull(s) and 4 cow(s).
Turn 201:
> 631245
Grade: 6 cow(s).
Turn 202:
> 136245
Grade: 6 cow(s).
Turn 203:
> 316245
Grade: 1 bull(s) and 5 cow(s).
Turn 204:
> 613245
Grade: 6 cow(s).
Turn 205:
> 163245
Grade: 1 bull(s) and 5 cow(s).
Turn 206:
> 263145
Grade: 1 bull(s) and 5 cow(s).
Turn 207:
> 623145
Grade: 6 cow(s).
Turn 208:
> 326145
Grade: 1 bull(s) and 5 cow(s).
Turn 209:
> 236145
Grade: 6 cow(s).
Turn 210:
> 632145
Grade: 6 cow(s).
Turn 211:
> 362145
Grade: 2 bull(s) and 4 cow(s).
Turn 212:
> 312645
Grade: 1 bull(s) and 5 cow(s).
Turn 213:
> 132645
Grade: 6 cow(s).
Turn 214:
> 231645
Grade: 6 cow(s).
Turn 215:
> 321645
Grade: 1 bull(s) and 5 cow(s).
Turn 216:
> 123645
Grade: 6 cow(s).
Turn 217:
> 213645
Grade: 6 cow(s).
Turn 218:
> 216345
Grade: 6 cow(s).
Turn 219:
> 126345
Grade: 6 cow(s).
Turn 220:
> 621345
Grade: 6 cow(s).
Turn 221:
> 261345
Grade: 1 bull(s) and 5 cow(s).
Turn 222:
> 162345
Grade: 1 bull(s) and 5 cow(s).
Turn 223:
> 612345
Grade: 6 cow(s).
Turn 224:
> 412365
Grade: 6 cow(s).
Turn 225:
> 142365
Grade: 6 cow(s).
Turn 226:
> 241365
Grade: 6 cow(s).
Turn 227:
> 421365
Grade: 6 cow(s).
Turn 228:
> 124365
Grade: 6 cow(s).
Turn 229:
> 214365
Grade: 6 cow(s).
Turn 230:
> 314265
Grade: 1 bull(s) and 5 cow(s).
Turn 231:
> 134265
Grade: 6 cow(s).
Turn 232:
> 431265
Grade: 6 cow(s).
Turn 233:
> 341265
Grade: 1 bull(s) and 5 cow(s).
Turn 234:
> 143265
Grade: 6 cow(s).
Turn 235:
> 413265
Grade: 6 cow(s).
Turn 236:
> 423165
Grade: 6 cow(s).
Turn 237:
> 243165
Grade: 6 cow(s).
Turn 238:
> 342165
Grade: 1 bull(s) and 5 cow(s).
Turn 239:
> 432165
Grade: 6 cow(s).
Turn 240:
> 234165
Grade: 6 cow(s).
Turn 241:
> 324165
Grade: 1 bull(s) and 5 cow(s).
Turn 242:
> 321465
Grade: 2 bull(s) and 4 cow(s).
Turn 243:
> 231465
Grade: 1 bull(s) and 5 cow(s).
Turn 244:
> 132465
Grade: 1 bull(s) and 5 cow(s).
Turn 245:
> 312465
Grade: 2 bull(s) and 4 cow(s).
Turn 246:
> 213465
Grade: 1 bull(s) and 5 cow(s).
Turn 247:
> 123465
Grade: 1 bull(s) and 5 cow(s).
Turn 248:
> 153462
Grade: 2 bull(s) and 4 cow(s).
Turn 249:
> 513462
Grade: 2 bull(s) and 4 cow(s).
Turn 250:
> 315462
Grade: 4 bull(s) and 2 cow(s).
Turn 251:
> 135462
Grade: 3 bull(s) and 3 cow(s).
Turn 252:
> 531462
Grade: 2 bull(s) and 4 cow(s).
Turn 253:
> 351462
Grade: 3 bull(s) and 3 cow(s).
Turn 254:
> 451362
Grade: 1 bull(s) and 5 cow(s).
Turn 255:
> 541362
Grade: 1 bull(s) and 5 cow(s).
Turn 256:
> 145362
Grade: 2 bull(s) and 4 cow(s).
Turn 257:
> 415362
Grade: 2 bull(s) and 4 cow(s).
Turn 258:
> 514362
Grade: 1 bull(s) and 5 cow(s).
Turn 259:
> 154362
Grade: 1 bull(s) and 5 cow(s).
Turn 260:
> 134562
Grade: 1 bull(s) and 5 cow(s).
Turn 261:
> 314562
Grade: 2 bull(s) and 4 cow(s).
Turn 262:
> 413562
Grade: 1 bull(s) and 5 cow(s).
Turn 263:
> 143562
Grade: 1 bull(s) and 5 cow(s).
Turn 264:
> 341562
Grade: 2 bull(s) and 4 cow(s).
Turn 265:
> 431562
Grade: 1 bull(s) and 5 cow(s).
Turn 266:
> 435162
Grade: 2 bull(s) and 4 cow(s).
Turn 267:
> 345162
Grade: 3 bull(s) and 3 cow(s).
Turn 268:
> 543162
Grade: 1 bull(s) and 5 cow(s).
Turn 269:
> 453162
Grade: 1 bull(s) and 5 cow(s).
Turn 270:
> 354162
Grade: 2 bull(s) and 4 cow(s).
Turn 271:
> 534162
Grade: 1 bull(s) and 5 cow(s).
Turn 272:
> 634152
Grade: 1 bull(s) and 5 cow(s).
Turn 273:
> 364152
Grade: 3 bull(s) and 3 cow(s).
Turn 274:
> 463152
Grade: 2 bull(s) and 4 cow(s).
Turn 275:
> 643152
Grade: 1 bull(s) and 5 cow(s).
Turn 276:
> 346152
Grade: 2 bull(s) and 4 cow(s).
Turn 277:
> 436152
Grade: 1 bull(s) and 5 cow(s).
Turn 278:
> 136452
Grade: 2 bull(s) and 4 cow(s).
Turn 279:
> 316452
Grade: 3 bull(s) and 3 cow(s).
Turn 280:
> 613452
Grade: 2 bull(s) and 4 cow(s).
Turn 281:
> 163452
Grade: 3 bull(s) and 3 cow(s).
Turn 282:
> 361452
Grade: 4 bull(s) and 2 cow(s).
Turn 283:
> 631452
Grade: 2 bull(s) and 4 cow(s).
Turn 284:
> 641352
Grade: 1 bull(s) and 5 cow(s).
Turn 285:
> 461352
Grade: 2 bull(s) and 4 cow(s).
Turn 286:
> 164352
Grade: 2 bull(s) and 4 cow(s).
Turn 287:
> 614352
Grade: 1 bull(s) and 5 cow(s).
Turn 288:
> 416352
Grade: 1 bull(s) and 5 cow(s).
Turn 289:
> 146352
Grade: 1 bull(s) and 5 cow(s).
Turn 290:
> 143652
Grade: 1 bull(s) and 5 cow(s).
Turn 291:
> 413652
Grade: 1 bull(s) and 5 cow(s).
Turn 292:
> 314652
Grade: 2 bull(s) and 4 cow(s).
Turn 293:
> 134652
Grade: 1 bull(s) and 5 cow(s).
Turn 294:
> 431652
Grade: 1 bull(s) and 5 cow(s).
Turn 295:
> 341652
Grade: 2 bull(s) and 4 cow(s).
Turn 296:
> 541632
Grade: 1 bull(s) and 5 cow(s).
Turn 297:
> 451632
Grade: 1 bull(s) and 5 cow(s).
Turn 298:
> 154632
Grade: 1 bull(s) and 5 cow(s).
Turn 299:
> 514632
Grade: 1 bull(s) and 5 cow(s).
Turn 300:
> 415632
Grade: 2 bull(s) and 4 cow(s).
Turn 301:
> 145632
Grade: 2 bull(s) and 4 cow(s).
Turn 302:
> 645132
Grade: 2 bull(s) and 4 cow(s).
Turn 303:
> 465132
Grade: 3 bull(s) and 3 cow(s).
Turn 304:
> 564132
Grade: 2 bull(s) and 4 cow(s).
Turn 305:
> 654132
Grade: 1 bull(s) and 5 cow(s).
Turn 306:
> 456132
Grade: 1 bull(s) and 5 cow(s).
Turn 307:
> 546132
Grade: 1 bull(s) and 5 cow(s).
Turn 308:
> 516432
Grade: 2 bull(s) and 4 cow(s).
Turn 309:
> 156432
Grade: 2 bull(s) and 4 cow(s).
Turn 310:
> 651432
Grade: 2 bull(s) and 4 cow(s).
Turn 311:
> 561432
Grade: 3 bull(s) and 3 cow(s).
Turn 312:
> 165432
Grade: 4 bull(s) and 2 cow(s).
Turn 313:
> 615432
Grade: 3 bull(s) and 3 cow(s).
Turn 314:
> 614532
Grade: 1 bull(s) and 5 cow(s).
Turn 315:
> 164532
Grade: 2 bull(s) and 4 cow(s).
Turn 316:
> 461532
Grade: 2 bull(s) and 4 cow(s).
Turn 317:
> 641532
Grade: 1 bull(s) and 5 cow(s).
Turn 318:
> 146532
Grade: 1 bull(s) and 5 cow(s).
Turn 319:
> 416532
Grade: 1 bull(s) and 5 cow(s).
Turn 320:
> 316542
Grade: 2 bull(s) and 4 cow(s).
Turn 321:
> 136542
Grade: 1 bull(s) and 5 cow(s).
Turn 322:
> 631542
Grade: 1 bull(s) and 5 cow(s).
Turn 323:
> 361542
Grade: 3 bull(s) and 3 cow(s).
Turn 324:
> 163542
Grade: 2 bull(s) and 4 cow(s).
Turn 325:
> 613542
Grade: 1 bull(s) and 5 cow(s).
Turn 326:
> 513642
Grade: 1 bull(s) and 5 cow(s).
Turn 327:
> 153642
Grade: 1 bull(s) and 5 cow(s).
Turn 328:
> 351642
Grade: 2 bull(s) and 4 cow(s).
Turn 329:
> 531642
Grade: 1 bull(s) and 5 cow(s).
Turn 330:
> 135642
Grade: 2 bull(s) and 4 cow(s).
Turn 331:
> 315642
Grade: 3 bull(s) and 3 cow(s).
Turn 332:
> 365142
Grade: 4 bull(s) and 2 cow(s).
Turn 333:
> 635142
Grade: 2 bull(s) and 4 cow(s).
Turn 334:
> 536142
Grade: 1 bull(s) and 5 cow(s).
Turn 335:
> 356142
Grade: 2 bull(s) and 4 cow(s).
Turn 336:
> 653142
Grade: 1 bull(s) and 5 cow(s).
Turn 337:
> 563142
Grade: 2 bull(s) and 4 cow(s).
Turn 338:
> 561342
Grade: 2 bull(s) and 4 cow(s).
Turn 339:
> 651342
Grade: 1 bull(s) and 5 cow(s).
Turn 340:
> 156342
Grade: 1 bull(s) and 5 cow(s).
Turn 341:
> 516342
Grade: 1 bull(s) and 5 cow(s).
Turn 342:
> 615342
Grade: 2 bull(s) and 4 cow(s).
Turn 343:
> 165342
Grade: 3 bull(s) and 3 cow(s).
Turn 344:
> 465312
Grade: 4 bull(s) and 2 cow(s).
Turn 345:
> 645312
Grade: 3 bull(s) and 3 cow(s).
Turn 346:
> 546312
Grade: 2 bull(s) and 4 cow(s).
Turn 347:
> 456312
Grade: 2 bull(s) and 4 cow(s).
Turn 348:
> 654312
Grade: 2 bull(s) and 4 cow(s).
Turn 349:
> 564312
Grade: 3 bull(s) and 3 cow(s).
Turn 350:
> 364512
Grade: 4 bull(s) and 2 cow(s).
Turn 351:
> 634512
Grade: 2 bull(s) and 4 cow(s).
Turn 352:
> 436512
Grade: 2 bull(s) and 4 cow(s).
Turn 353:
> 346512
Grade: 3 bull(s) and 3 cow(s).
Turn 354:
> 643512
Grade: 2 bull(s) and 4 cow(s).
Turn 355:
> 463512
Grade: 3 bull(s) and 3 cow(s).
Turn 356:
> 453612
Grade: 2 bull(s) and 4 cow(s).
Turn 357:
> 543612
Grade: 2 bull(s) and 4 cow(s).
Turn 358:
> 345612
Grade: 4 bull(s) and 2 cow(s).
Turn 359:
> 435612
Grade: 3 bull(s) and 3 cow(s).
Turn 360:
> 534612
Grade: 2 bull(s) and 4 cow(s).
Turn 361:
> 354612
Grade: 3 bull(s) and 3 cow(s).
Turn 362:
> 356412
Grade: 4 bull(s) and 2 cow(s).
Turn 363:
> 536412
Grade: 3 bull(s) and 3 cow(s).
Turn 364:
> 635412
Grade: 4 bull(s) and 2 cow(s).
Turn 365:
> 365412
Grade: 6 bulls
Congratulations! You guessed the secret code.
?[1;31m
Start test 4?[0m
Please, enter the secret code's length:
> 11
Error: can't generate a secret number with a length of 11 because there aren't enough unique digits.
]]></system-out>
  <system-err><![CDATA[]]></system-err>
</testsuite>
